# JRE version: Java(TM) SE Runtime Environment (11.0.6+8) (build 11.0.6+8-LTS)
# Java VM: Java HotSpot(TM) 64-Bit Server VM (11.0.6+8-LTS, mixed mode, tiered, compressed oops, g1 gc, windows-amd64)
Heap:
 garbage-first heap   total 312320K, used 53281K [0x0000000702200000, 0x0000000800000000)
  region size 1024K, 44 young (45056K), 14 survivors (14336K)
 Metaspace       used 50175K, capacity 51867K, committed 51968K, reserved 1093632K
  class space    used 6177K, capacity 6855K, committed 6912K, reserved 1048576K
GC Heap History (10 events):
Event: 1.314 GC heap before
{Heap before GC invocations=1 (full 0):
 garbage-first heap   total 260096K, used 78913K [0x0000000702200000, 0x0000000800000000)
  region size 1024K, 73 young (74752K), 3 survivors (3072K)
 Metaspace       used 20630K, capacity 21176K, committed 21248K, reserved 1069056K
  class space    used 2298K, capacity 2551K, committed 2560K, reserved 1048576K
}
Event: 1.320 GC heap after
{Heap after GC invocations=2 (full 0):
 garbage-first heap   total 260096K, used 10818K [0x0000000702200000, 0x0000000800000000)
  region size 1024K, 6 young (6144K), 6 survivors (6144K)
 Metaspace       used 20630K, capacity 21176K, committed 21248K, reserved 1069056K
  class space    used 2298K, capacity 2551K, committed 2560K, reserved 1048576K
}
Event: 1.680 GC heap before
{Heap before GC invocations=3 (full 0):
 garbage-first heap   total 260096K, used 65090K [0x0000000702200000, 0x0000000800000000)
  region size 1024K, 60 young (61440K), 6 survivors (6144K)
 Metaspace       used 28002K, capacity 28832K, committed 28928K, reserved 1075200K
  class space    used 3190K, capacity 3529K, committed 3584K, reserved 1048576K
}
Event: 1.685 GC heap after
{Heap after GC invocations=4 (full 0):
 garbage-first heap   total 260096K, used 12267K [0x0000000702200000, 0x0000000800000000)
  region size 1024K, 4 young (4096K), 4 survivors (4096K)
 Metaspace       used 28002K, capacity 28832K, committed 28928K, reserved 1075200K
  class space    used 3190K, capacity 3529K, committed 3584K, reserved 1048576K
}
Event: 2.545 GC heap before
{Heap before GC invocations=4 (full 0):
 garbage-first heap   total 260096K, used 101355K [0x0000000702200000, 0x0000000800000000)
  region size 1024K, 91 young (93184K), 4 survivors (4096K)
 Metaspace       used 33920K, capacity 34907K, committed 35200K, reserved 1079296K
  class space    used 4040K, capacity 4409K, committed 4480K, reserved 1048576K
}
Event: 2.549 GC heap after
{Heap after GC invocations=5 (full 0):
 garbage-first heap   total 260096K, used 14714K [0x0000000702200000, 0x0000000800000000)
  region size 1024K, 7 young (7168K), 7 survivors (7168K)
 Metaspace       used 33920K, capacity 34907K, committed 35200K, reserved 1079296K
  class space    used 4040K, capacity 4409K, committed 4480K, reserved 1048576K
}
Event: 2.649 GC heap before
{Heap before GC invocations=5 (full 0):
 garbage-first heap   total 260096K, used 28026K [0x0000000702200000, 0x0000000800000000)
  region size 1024K, 21 young (21504K), 7 survivors (7168K)
 Metaspace       used 34692K, capacity 35690K, committed 35840K, reserved 1081344K
  class space    used 4136K, capacity 4511K, committed 4608K, reserved 1048576K
}
Event: 2.655 GC heap after
{Heap after GC invocations=6 (full 0):
 garbage-first heap   total 260096K, used 15575K [0x0000000702200000, 0x0000000800000000)
  region size 1024K, 8 young (8192K), 8 survivors (8192K)
 Metaspace       used 34692K, capacity 35690K, committed 35840K, reserved 1081344K
  class space    used 4136K, capacity 4511K, committed 4608K, reserved 1048576K
}
Event: 4.715 GC heap before
{Heap before GC invocations=7 (full 0):
 garbage-first heap   total 260096K, used 139479K [0x0000000702200000, 0x0000000800000000)
  region size 1024K, 129 young (132096K), 8 survivors (8192K)
 Metaspace       used 49407K, capacity 51108K, committed 51328K, reserved 1093632K
  class space    used 6104K, capacity 6776K, committed 6784K, reserved 1048576K
}
Event: 4.725 GC heap after
{Heap after GC invocations=8 (full 0):
 garbage-first heap   total 312320K, used 22561K [0x0000000702200000, 0x0000000800000000)
  region size 1024K, 14 young (14336K), 14 survivors (14336K)
 Metaspace       used 49407K, capacity 51108K, committed 51328K, reserved 1093632K
  class space    used 6104K, capacity 6776K, committed 6784K, reserved 1048576K
}

