# JRE version: Java(TM) SE Runtime Environment (11.0.6+8) (build 11.0.6+8-LTS)
# Java VM: Java HotSpot(TM) 64-Bit Server VM (11.0.6+8-LTS, mixed mode, tiered, compressed oops, g1 gc, windows-amd64)
Heap:
 garbage-first heap   total 312320K, used 161347K [0x0000000702200000, 0x0000000800000000)
  region size 1024K, 144 young (147456K), 22 survivors (22528K)
 Metaspace       used 51413K, capacity 53190K, committed 53504K, reserved 1095680K
  class space    used 6326K, capacity 7057K, committed 7168K, reserved 1048576K
GC Heap History (10 events):
Event: 0.828 GC heap before
{Heap before GC invocations=1 (full 0):
 garbage-first heap   total 260096K, used 32929K [0x0000000702200000, 0x0000000800000000)
  region size 1024K, 27 young (27648K), 3 survivors (3072K)
 Metaspace       used 14953K, capacity 15442K, committed 15616K, reserved 1062912K
  class space    used 1546K, capacity 1740K, committed 1792K, reserved 1048576K
}
Event: 0.831 GC heap after
{Heap after GC invocations=2 (full 0):
 garbage-first heap   total 260096K, used 9346K [0x0000000702200000, 0x0000000800000000)
  region size 1024K, 1 young (1024K), 1 survivors (1024K)
 Metaspace       used 14953K, capacity 15442K, committed 15616K, reserved 1062912K
  class space    used 1546K, capacity 1740K, committed 1792K, reserved 1048576K
}
Event: 1.284 GC heap before
{Heap before GC invocations=2 (full 0):
 garbage-first heap   total 260096K, used 52354K [0x0000000702200000, 0x0000000800000000)
  region size 1024K, 44 young (45056K), 1 survivors (1024K)
 Metaspace       used 20567K, capacity 21178K, committed 21248K, reserved 1069056K
  class space    used 2288K, capacity 2551K, committed 2560K, reserved 1048576K
}
Event: 1.287 GC heap after
{Heap after GC invocations=3 (full 0):
 garbage-first heap   total 260096K, used 10675K [0x0000000702200000, 0x0000000800000000)
  region size 1024K, 3 young (3072K), 3 survivors (3072K)
 Metaspace       used 20567K, capacity 21178K, committed 21248K, reserved 1069056K
  class space    used 2288K, capacity 2551K, committed 2560K, reserved 1048576K
}
Event: 1.804 GC heap before
{Heap before GC invocations=4 (full 0):
 garbage-first heap   total 260096K, used 80307K [0x0000000702200000, 0x0000000800000000)
  region size 1024K, 71 young (72704K), 3 survivors (3072K)
 Metaspace       used 28773K, capacity 29616K, committed 29824K, reserved 1075200K
  class space    used 3290K, capacity 3617K, committed 3712K, reserved 1048576K
}
Event: 1.809 GC heap after
{Heap after GC invocations=5 (full 0):
 garbage-first heap   total 260096K, used 13191K [0x0000000702200000, 0x0000000800000000)
  region size 1024K, 5 young (5120K), 5 survivors (5120K)
 Metaspace       used 28773K, capacity 29616K, committed 29824K, reserved 1075200K
  class space    used 3290K, capacity 3617K, committed 3712K, reserved 1048576K
}
Event: 2.607 GC heap before
{Heap before GC invocations=5 (full 0):
 garbage-first heap   total 260096K, used 95111K [0x0000000702200000, 0x0000000800000000)
  region size 1024K, 86 young (88064K), 5 survivors (5120K)
 Metaspace       used 34692K, capacity 35690K, committed 35840K, reserved 1081344K
  class space    used 4138K, capacity 4511K, committed 4608K, reserved 1048576K
}
Event: 2.615 GC heap after
{Heap after GC invocations=6 (full 0):
 garbage-first heap   total 312320K, used 15593K [0x0000000702200000, 0x0000000800000000)
  region size 1024K, 7 young (7168K), 7 survivors (7168K)
 Metaspace       used 34692K, capacity 35690K, committed 35840K, reserved 1081344K
  class space    used 4138K, capacity 4511K, committed 4608K, reserved 1048576K
}
Event: 4.844 GC heap before
{Heap before GC invocations=7 (full 0):
 garbage-first heap   total 312320K, used 182505K [0x0000000702200000, 0x0000000800000000)
  region size 1024K, 169 young (173056K), 7 survivors (7168K)
 Metaspace       used 50223K, capacity 51956K, committed 52224K, reserved 1095680K
  class space    used 6181K, capacity 6859K, committed 6912K, reserved 1048576K
}
Event: 4.861 GC heap after
{Heap after GC invocations=8 (full 0):
 garbage-first heap   total 312320K, used 36419K [0x0000000702200000, 0x0000000800000000)
  region size 1024K, 22 young (22528K), 22 survivors (22528K)
 Metaspace       used 50223K, capacity 51956K, committed 52224K, reserved 1095680K
  class space    used 6181K, capacity 6859K, committed 6912K, reserved 1048576K
}

